<?xml version="1.0" encoding="UTF-8"?>
<testng-results skipped="0" failed="0" ignored="0" total="2" passed="2">
  <reporter-output>
  </reporter-output>
  <suite name="Default suite" duration-ms="60986" started-at="2018-12-31T20:26:48Z" finished-at="2018-12-31T20:27:49Z">
    <groups>
    </groups>
    <test name="Default test" duration-ms="60986" started-at="2018-12-31T20:26:48Z" finished-at="2018-12-31T20:27:49Z">
      <class name="practice2.MyFirstTest">
        <test-method status="PASS" signature="before(java.lang.String)[pri:0, instance:practice2.MyFirstTest@47c62251]" name="before" is-config="true" duration-ms="6043" started-at="2018-12-31T20:26:48Z" finished-at="2018-12-31T20:26:55Z">
          <params>
            <param index="0">
              <value>
                <![CDATA[chrome]]>
              </value>
            </param>
          </params>
          <reporter-output>
          </reporter-output>
        </test-method> <!-- before -->
        <test-method status="PASS" signature="Empty()[pri:0, instance:practice2.MyFirstTest@47c62251]" name="Empty" duration-ms="10137" started-at="2018-12-31T20:26:55Z" finished-at="2018-12-31T20:27:05Z">
          <reporter-output>
          </reporter-output>
        </test-method> <!-- Empty -->
        <test-method status="PASS" signature="after()[pri:0, instance:practice2.MyFirstTest@47c62251]" name="after" is-config="true" duration-ms="75" started-at="2018-12-31T20:27:05Z" finished-at="2018-12-31T20:27:05Z">
          <reporter-output>
          </reporter-output>
        </test-method> <!-- after -->
        <test-method status="PASS" signature="before(java.lang.String)[pri:0, instance:practice2.MyFirstTest@47c62251]" name="before" is-config="true" duration-ms="4212" started-at="2018-12-31T20:27:05Z" finished-at="2018-12-31T20:27:09Z">
          <params>
            <param index="0">
              <value>
                <![CDATA[chrome]]>
              </value>
            </param>
          </params>
          <reporter-output>
          </reporter-output>
        </test-method> <!-- before -->
        <test-method status="PASS" signature="NotEmpty()[pri:0, instance:practice2.MyFirstTest@47c62251]" name="NotEmpty" duration-ms="40402" started-at="2018-12-31T20:27:09Z" finished-at="2018-12-31T20:27:49Z">
          <reporter-output>
          </reporter-output>
        </test-method> <!-- NotEmpty -->
        <test-method status="PASS" signature="after()[pri:0, instance:practice2.MyFirstTest@47c62251]" name="after" is-config="true" duration-ms="81" started-at="2018-12-31T20:27:49Z" finished-at="2018-12-31T20:27:49Z">
          <reporter-output>
          </reporter-output>
        </test-method> <!-- after -->
      </class> <!-- practice2.MyFirstTest -->
    </test> <!-- Default test -->
  </suite> <!-- Default suite -->
</testng-results>
